<!DOCTYPE HTML PUBLIC "-//W3C//DTD HTML 4.01 Transitional//EN"
  "http://www.w3.org/TR/html4/loose.dtd">
<html>
  <head>
    <title>json.decoder.JSONDecodeError: Expecting value: line 1 column 1 (char 0) // Werkzeug Debugger</title>
    <link rel="stylesheet" href="?__debugger__=yes&amp;cmd=resource&amp;f=style.css"
        type="text/css">
    <!-- We need to make sure this has a favicon so that the debugger does
         not by accident trigger a request to /favicon.ico which might
         change the application state. -->
    <link rel="shortcut icon"
        href="?__debugger__=yes&amp;cmd=resource&amp;f=console.png">
    <script src="?__debugger__=yes&amp;cmd=resource&amp;f=jquery.js"></script>
    <script src="?__debugger__=yes&amp;cmd=resource&amp;f=debugger.js"></script>
    <script type="text/javascript">
      var TRACEBACK = 140170540566320,
          CONSOLE_MODE = false,
          EVALEX = true,
          EVALEX_TRUSTED = false,
          SECRET = "9PrmH6g4TZ4F83zLeumc";
    </script>
  </head>
  <body style="background-color: #fff">
    <div class="debugger">
<h1>json.decoder.JSONDecodeError</h1>
<div class="detail">
  <p class="errormsg">json.decoder.JSONDecodeError: Expecting value: line 1 column 1 (char 0)</p>
</div>
<h2 class="traceback">Traceback <em>(most recent call last)</em></h2>
<div class="traceback">
  
  <ul><li><div class="frame" id="frame-140170539785328">
  <h4>File <cite class="filename">"/usr/local/lib/python3.8/json/decoder.py"</cite>,
      line <em class="line">353</em>,
      in <code class="function">raw_decode</code></h4>
  <div class="source library"><pre class="line before"><span class="ws">        </span>This can be used to decode a JSON document from a string that may</pre>
<pre class="line before"><span class="ws">        </span>have extraneous data at the end.</pre>
<pre class="line before"><span class="ws"></span> </pre>
<pre class="line before"><span class="ws">        </span>&quot;&quot;&quot;</pre>
<pre class="line before"><span class="ws">        </span>try:</pre>
<pre class="line current"><span class="ws">            </span>obj, end = self.scan_once(s, idx)</pre>
<pre class="line after"><span class="ws">        </span>except StopIteration as err:</pre>
<pre class="line after"><span class="ws">            </span>raise JSONDecodeError(&quot;Expecting value&quot;, s, err.value) from None</pre>
<pre class="line after"><span class="ws">        </span>return obj, end</pre></div>
</div>

<li><div class="exc-divider">During handling of the above exception, another exception occurred:</div>
<li><div class="frame" id="frame-140170537821328">
  <h4>File <cite class="filename">"/opt/venv/lib/python3.8/site-packages/flask/app.py"</cite>,
      line <em class="line">2464</em>,
      in <code class="function">__call__</code></h4>
  <div class="source library"><pre class="line before"><span class="ws"></span> </pre>
<pre class="line before"><span class="ws">    </span>def __call__(self, environ, start_response):</pre>
<pre class="line before"><span class="ws">        </span>&quot;&quot;&quot;The WSGI server calls the Flask application object as the</pre>
<pre class="line before"><span class="ws">        </span>WSGI application. This calls :meth:`wsgi_app` which can be</pre>
<pre class="line before"><span class="ws">        </span>wrapped to applying middleware.&quot;&quot;&quot;</pre>
<pre class="line current"><span class="ws">        </span>return self.wsgi_app(environ, start_response)</pre>
<pre class="line after"><span class="ws"></span> </pre>
<pre class="line after"><span class="ws">    </span>def __repr__(self):</pre>
<pre class="line after"><span class="ws">        </span>return &quot;&lt;%s %r&gt;&quot; % (self.__class__.__name__, self.name)</pre></div>
</div>

<li><div class="frame" id="frame-140170537821088">
  <h4>File <cite class="filename">"/opt/venv/lib/python3.8/site-packages/flask/app.py"</cite>,
      line <em class="line">2450</em>,
      in <code class="function">wsgi_app</code></h4>
  <div class="source library"><pre class="line before"><span class="ws">            </span>try:</pre>
<pre class="line before"><span class="ws">                </span>ctx.push()</pre>
<pre class="line before"><span class="ws">                </span>response = self.full_dispatch_request()</pre>
<pre class="line before"><span class="ws">            </span>except Exception as e:</pre>
<pre class="line before"><span class="ws">                </span>error = e</pre>
<pre class="line current"><span class="ws">                </span>response = self.handle_exception(e)</pre>
<pre class="line after"><span class="ws">            </span>except:  # noqa: B001</pre>
<pre class="line after"><span class="ws">                </span>error = sys.exc_info()[1]</pre>
<pre class="line after"><span class="ws">                </span>raise</pre>
<pre class="line after"><span class="ws">            </span>return response(environ, start_response)</pre>
<pre class="line after"><span class="ws">        </span>finally:</pre></div>
</div>

<li><div class="frame" id="frame-140170537821952">
  <h4>File <cite class="filename">"/opt/venv/lib/python3.8/site-packages/flask/app.py"</cite>,
      line <em class="line">1867</em>,
      in <code class="function">handle_exception</code></h4>
  <div class="source library"><pre class="line before"><span class="ws">            </span># if we want to repropagate the exception, we can attempt to</pre>
<pre class="line before"><span class="ws">            </span># raise it with the whole traceback in case we can do that</pre>
<pre class="line before"><span class="ws">            </span># (the function was actually called from the except part)</pre>
<pre class="line before"><span class="ws">            </span># otherwise, we just raise the error again</pre>
<pre class="line before"><span class="ws">            </span>if exc_value is e:</pre>
<pre class="line current"><span class="ws">                </span>reraise(exc_type, exc_value, tb)</pre>
<pre class="line after"><span class="ws">            </span>else:</pre>
<pre class="line after"><span class="ws">                </span>raise e</pre>
<pre class="line after"><span class="ws"></span> </pre>
<pre class="line after"><span class="ws">        </span>self.log_exception((exc_type, exc_value, tb))</pre>
<pre class="line after"><span class="ws">        </span>server_error = InternalServerError()</pre></div>
</div>

<li><div class="frame" id="frame-140170537820800">
  <h4>File <cite class="filename">"/opt/venv/lib/python3.8/site-packages/flask/_compat.py"</cite>,
      line <em class="line">39</em>,
      in <code class="function">reraise</code></h4>
  <div class="source library"><pre class="line before"><span class="ws">    </span>import collections.abc as collections_abc</pre>
<pre class="line before"><span class="ws"></span> </pre>
<pre class="line before"><span class="ws">    </span>def reraise(tp, value, tb=None):</pre>
<pre class="line before"><span class="ws">        </span>if value.__traceback__ is not tb:</pre>
<pre class="line before"><span class="ws">            </span>raise value.with_traceback(tb)</pre>
<pre class="line current"><span class="ws">        </span>raise value</pre>
<pre class="line after"><span class="ws"></span> </pre>
<pre class="line after"><span class="ws">    </span>implements_to_string = _identity</pre>
<pre class="line after"><span class="ws"></span> </pre>
<pre class="line after"><span class="ws"></span>else:</pre>
<pre class="line after"><span class="ws">    </span>iterkeys = lambda d: d.iterkeys()</pre></div>
</div>

<li><div class="frame" id="frame-140170537820656">
  <h4>File <cite class="filename">"/opt/venv/lib/python3.8/site-packages/flask/app.py"</cite>,
      line <em class="line">2447</em>,
      in <code class="function">wsgi_app</code></h4>
  <div class="source library"><pre class="line before"><span class="ws">        </span>ctx = self.request_context(environ)</pre>
<pre class="line before"><span class="ws">        </span>error = None</pre>
<pre class="line before"><span class="ws">        </span>try:</pre>
<pre class="line before"><span class="ws">            </span>try:</pre>
<pre class="line before"><span class="ws">                </span>ctx.push()</pre>
<pre class="line current"><span class="ws">                </span>response = self.full_dispatch_request()</pre>
<pre class="line after"><span class="ws">            </span>except Exception as e:</pre>
<pre class="line after"><span class="ws">                </span>error = e</pre>
<pre class="line after"><span class="ws">                </span>response = self.handle_exception(e)</pre>
<pre class="line after"><span class="ws">            </span>except:  # noqa: B001</pre>
<pre class="line after"><span class="ws">                </span>error = sys.exc_info()[1]</pre></div>
</div>

<li><div class="frame" id="frame-140170537820752">
  <h4>File <cite class="filename">"/opt/venv/lib/python3.8/site-packages/flask/app.py"</cite>,
      line <em class="line">1952</em>,
      in <code class="function">full_dispatch_request</code></h4>
  <div class="source library"><pre class="line before"><span class="ws">            </span>request_started.send(self)</pre>
<pre class="line before"><span class="ws">            </span>rv = self.preprocess_request()</pre>
<pre class="line before"><span class="ws">            </span>if rv is None:</pre>
<pre class="line before"><span class="ws">                </span>rv = self.dispatch_request()</pre>
<pre class="line before"><span class="ws">        </span>except Exception as e:</pre>
<pre class="line current"><span class="ws">            </span>rv = self.handle_user_exception(e)</pre>
<pre class="line after"><span class="ws">        </span>return self.finalize_request(rv)</pre>
<pre class="line after"><span class="ws"></span> </pre>
<pre class="line after"><span class="ws">    </span>def finalize_request(self, rv, from_error_handler=False):</pre>
<pre class="line after"><span class="ws">        </span>&quot;&quot;&quot;Given the return value from a view function this finalizes</pre>
<pre class="line after"><span class="ws">        </span>the request by converting it into a response and invoking the</pre></div>
</div>

<li><div class="frame" id="frame-140170537820944">
  <h4>File <cite class="filename">"/opt/venv/lib/python3.8/site-packages/flask/app.py"</cite>,
      line <em class="line">1821</em>,
      in <code class="function">handle_user_exception</code></h4>
  <div class="source library"><pre class="line before"><span class="ws">            </span>return self.handle_http_exception(e)</pre>
<pre class="line before"><span class="ws"></span> </pre>
<pre class="line before"><span class="ws">        </span>handler = self._find_error_handler(e)</pre>
<pre class="line before"><span class="ws"></span> </pre>
<pre class="line before"><span class="ws">        </span>if handler is None:</pre>
<pre class="line current"><span class="ws">            </span>reraise(exc_type, exc_value, tb)</pre>
<pre class="line after"><span class="ws">        </span>return handler(e)</pre>
<pre class="line after"><span class="ws"></span> </pre>
<pre class="line after"><span class="ws">    </span>def handle_exception(self, e):</pre>
<pre class="line after"><span class="ws">        </span>&quot;&quot;&quot;Handle an exception that did not have an error handler</pre>
<pre class="line after"><span class="ws">        </span>associated with it, or that was raised from an error handler.</pre></div>
</div>

<li><div class="frame" id="frame-140170537822096">
  <h4>File <cite class="filename">"/opt/venv/lib/python3.8/site-packages/flask/_compat.py"</cite>,
      line <em class="line">39</em>,
      in <code class="function">reraise</code></h4>
  <div class="source library"><pre class="line before"><span class="ws">    </span>import collections.abc as collections_abc</pre>
<pre class="line before"><span class="ws"></span> </pre>
<pre class="line before"><span class="ws">    </span>def reraise(tp, value, tb=None):</pre>
<pre class="line before"><span class="ws">        </span>if value.__traceback__ is not tb:</pre>
<pre class="line before"><span class="ws">            </span>raise value.with_traceback(tb)</pre>
<pre class="line current"><span class="ws">        </span>raise value</pre>
<pre class="line after"><span class="ws"></span> </pre>
<pre class="line after"><span class="ws">    </span>implements_to_string = _identity</pre>
<pre class="line after"><span class="ws"></span> </pre>
<pre class="line after"><span class="ws"></span>else:</pre>
<pre class="line after"><span class="ws">    </span>iterkeys = lambda d: d.iterkeys()</pre></div>
</div>

<li><div class="frame" id="frame-140170537822144">
  <h4>File <cite class="filename">"/opt/venv/lib/python3.8/site-packages/flask/app.py"</cite>,
      line <em class="line">1950</em>,
      in <code class="function">full_dispatch_request</code></h4>
  <div class="source library"><pre class="line before"><span class="ws">        </span>self.try_trigger_before_first_request_functions()</pre>
<pre class="line before"><span class="ws">        </span>try:</pre>
<pre class="line before"><span class="ws">            </span>request_started.send(self)</pre>
<pre class="line before"><span class="ws">            </span>rv = self.preprocess_request()</pre>
<pre class="line before"><span class="ws">            </span>if rv is None:</pre>
<pre class="line current"><span class="ws">                </span>rv = self.dispatch_request()</pre>
<pre class="line after"><span class="ws">        </span>except Exception as e:</pre>
<pre class="line after"><span class="ws">            </span>rv = self.handle_user_exception(e)</pre>
<pre class="line after"><span class="ws">        </span>return self.finalize_request(rv)</pre>
<pre class="line after"><span class="ws"></span> </pre>
<pre class="line after"><span class="ws">    </span>def finalize_request(self, rv, from_error_handler=False):</pre></div>
</div>

<li><div class="frame" id="frame-140170537820992">
  <h4>File <cite class="filename">"/opt/venv/lib/python3.8/site-packages/flask/app.py"</cite>,
      line <em class="line">1936</em>,
      in <code class="function">dispatch_request</code></h4>
  <div class="source library"><pre class="line before"><span class="ws">            </span>getattr(rule, &quot;provide_automatic_options&quot;, False)</pre>
<pre class="line before"><span class="ws">            </span>and req.method == &quot;OPTIONS&quot;</pre>
<pre class="line before"><span class="ws">        </span>):</pre>
<pre class="line before"><span class="ws">            </span>return self.make_default_options_response()</pre>
<pre class="line before"><span class="ws">        </span># otherwise dispatch to the handler for that endpoint</pre>
<pre class="line current"><span class="ws">        </span>return self.view_functions[rule.endpoint](**req.view_args)</pre>
<pre class="line after"><span class="ws"></span> </pre>
<pre class="line after"><span class="ws">    </span>def full_dispatch_request(self):</pre>
<pre class="line after"><span class="ws">        </span>&quot;&quot;&quot;Dispatches the request and on top of that performs request</pre>
<pre class="line after"><span class="ws">        </span>pre and postprocessing as well as HTTP exception catching and</pre>
<pre class="line after"><span class="ws">        </span>error handling.</pre></div>
</div>

<li><div class="frame" id="frame-140170537820560">
  <h4>File <cite class="filename">"/src/app.py"</cite>,
      line <em class="line">37</em>,
      in <code class="function">login</code></h4>
  <div class="source "><pre class="line before"><span class="ws"></span>@app.route('/login', methods=['POST'])</pre>
<pre class="line before"><span class="ws"></span>def login():</pre>
<pre class="line before"><span class="ws">    </span>if 'proxy' in request.form:</pre>
<pre class="line before"><span class="ws">        </span>oauth = initializeOAuth()</pre>
<pre class="line before"><span class="ws">        </span>redirect_uri = url_for('auth', _external=True)</pre>
<pre class="line current"><span class="ws">        </span>return oauth.service.authorize_redirect(redirect_uri)</pre>
<pre class="line after"><span class="ws">    </span>return redirect(url_for('homepage'))</pre>
<pre class="line after"><span class="ws"></span> </pre>
<pre class="line after"><span class="ws"></span> </pre>
<pre class="line after"><span class="ws"></span>@app.route('/auth')</pre>
<pre class="line after"><span class="ws"></span>def auth():</pre></div>
</div>

<li><div class="frame" id="frame-140170537821040">
  <h4>File <cite class="filename">"/opt/venv/lib/python3.8/site-packages/authlib/integrations/flask_client/remote_app.py"</cite>,
      line <em class="line">58</em>,
      in <code class="function">authorize_redirect</code></h4>
  <div class="source library"><pre class="line before"><span class="ws"></span> </pre>
<pre class="line before"><span class="ws">        </span>:param redirect_uri: Callback or redirect URI for authorization.</pre>
<pre class="line before"><span class="ws">        </span>:param kwargs: Extra parameters to include.</pre>
<pre class="line before"><span class="ws">        </span>:return: A HTTP redirect response.</pre>
<pre class="line before"><span class="ws">        </span>&quot;&quot;&quot;</pre>
<pre class="line current"><span class="ws">        </span>rv = self.create_authorization_url(redirect_uri, **kwargs)</pre>
<pre class="line after"><span class="ws"></span> </pre>
<pre class="line after"><span class="ws">        </span>if self.request_token_url:</pre>
<pre class="line after"><span class="ws">            </span>request_token = rv.pop('request_token', None)</pre>
<pre class="line after"><span class="ws">            </span>self._save_request_token(request_token)</pre>
<pre class="line after"><span class="ws"></span> </pre></div>
</div>

<li><div class="frame" id="frame-140170537822048">
  <h4>File <cite class="filename">"/opt/venv/lib/python3.8/site-packages/authlib/integrations/base_client/remote_app.py"</cite>,
      line <em class="line">56</em>,
      in <code class="function">create_authorization_url</code></h4>
  <div class="source library"><pre class="line before"><span class="ws"></span> </pre>
<pre class="line before"><span class="ws">        </span>:param redirect_uri: Callback or redirect URI for authorization.</pre>
<pre class="line before"><span class="ws">        </span>:param kwargs: Extra parameters to include.</pre>
<pre class="line before"><span class="ws">        </span>:return: dict</pre>
<pre class="line before"><span class="ws">        </span>&quot;&quot;&quot;</pre>
<pre class="line current"><span class="ws">        </span>metadata = self.load_server_metadata()</pre>
<pre class="line after"><span class="ws">        </span>authorization_endpoint = self.authorize_url</pre>
<pre class="line after"><span class="ws">        </span>if not authorization_endpoint and not self.request_token_url:</pre>
<pre class="line after"><span class="ws">            </span>authorization_endpoint = metadata.get('authorization_endpoint')</pre>
<pre class="line after"><span class="ws"></span> </pre>
<pre class="line after"><span class="ws">        </span>if not authorization_endpoint:</pre></div>
</div>

<li><div class="frame" id="frame-140170537821904">
  <h4>File <cite class="filename">"/opt/venv/lib/python3.8/site-packages/authlib/integrations/base_client/remote_app.py"</cite>,
      line <em class="line">20</em>,
      in <code class="function">load_server_metadata</code></h4>
  <div class="source library"><pre class="line before"><span class="ws"></span> </pre>
<pre class="line before"><span class="ws"></span> </pre>
<pre class="line before"><span class="ws"></span>class RemoteApp(BaseApp):</pre>
<pre class="line before"><span class="ws">    </span>def load_server_metadata(self):</pre>
<pre class="line before"><span class="ws">        </span>if self._server_metadata_url and '_loaded_at' not in self.server_metadata:</pre>
<pre class="line current"><span class="ws">            </span>metadata = self._fetch_server_metadata(self._server_metadata_url)</pre>
<pre class="line after"><span class="ws">            </span>metadata['_loaded_at'] = time.time()</pre>
<pre class="line after"><span class="ws">            </span>self.server_metadata.update(metadata)</pre>
<pre class="line after"><span class="ws">        </span>return self.server_metadata</pre>
<pre class="line after"><span class="ws"></span> </pre>
<pre class="line after"><span class="ws">    </span>def _on_update_token(self, token, refresh_token=None, access_token=None):</pre></div>
</div>

<li><div class="frame" id="frame-140170537820704">
  <h4>File <cite class="filename">"/opt/venv/lib/python3.8/site-packages/authlib/integrations/base_client/base_app.py"</cite>,
      line <em class="line">242</em>,
      in <code class="function">_fetch_server_metadata</code></h4>
  <div class="source library"><pre class="line before"><span class="ws">        </span>return self.request('DELETE', url, **kwargs)</pre>
<pre class="line before"><span class="ws"></span> </pre>
<pre class="line before"><span class="ws">    </span>def _fetch_server_metadata(self, url):</pre>
<pre class="line before"><span class="ws">        </span>with self._get_oauth_client() as session:</pre>
<pre class="line before"><span class="ws">            </span>resp = session.request('GET', url, withhold_token=True)</pre>
<pre class="line current"><span class="ws">            </span>return resp.json()</pre></div>
</div>

<li><div class="frame" id="frame-140170537821664">
  <h4>File <cite class="filename">"/opt/venv/lib/python3.8/site-packages/requests/models.py"</cite>,
      line <em class="line">898</em>,
      in <code class="function">json</code></h4>
  <div class="source library"><pre class="line before"><span class="ws">                    </span># Wrong UTF codec detected; usually because it's not UTF-8</pre>
<pre class="line before"><span class="ws">                    </span># but some other 8-bit codec.  This is an RFC violation,</pre>
<pre class="line before"><span class="ws">                    </span># and the server didn't bother to tell us what codec *was*</pre>
<pre class="line before"><span class="ws">                    </span># used.</pre>
<pre class="line before"><span class="ws">                    </span>pass</pre>
<pre class="line current"><span class="ws">        </span>return complexjson.loads(self.text, **kwargs)</pre>
<pre class="line after"><span class="ws"></span> </pre>
<pre class="line after"><span class="ws">    </span>@property</pre>
<pre class="line after"><span class="ws">    </span>def links(self):</pre>
<pre class="line after"><span class="ws">        </span>&quot;&quot;&quot;Returns the parsed header links of the response, if any.&quot;&quot;&quot;</pre>
<pre class="line after"><span class="ws"></span> </pre></div>
</div>

<li><div class="frame" id="frame-140170537820272">
  <h4>File <cite class="filename">"/usr/local/lib/python3.8/json/__init__.py"</cite>,
      line <em class="line">357</em>,
      in <code class="function">loads</code></h4>
  <div class="source library"><pre class="line before"><span class="ws">        </span>del kw['encoding']</pre>
<pre class="line before"><span class="ws"></span> </pre>
<pre class="line before"><span class="ws">    </span>if (cls is None and object_hook is None and</pre>
<pre class="line before"><span class="ws">            </span>parse_int is None and parse_float is None and</pre>
<pre class="line before"><span class="ws">            </span>parse_constant is None and object_pairs_hook is None and not kw):</pre>
<pre class="line current"><span class="ws">        </span>return _default_decoder.decode(s)</pre>
<pre class="line after"><span class="ws">    </span>if cls is None:</pre>
<pre class="line after"><span class="ws">        </span>cls = JSONDecoder</pre>
<pre class="line after"><span class="ws">    </span>if object_hook is not None:</pre>
<pre class="line after"><span class="ws">        </span>kw['object_hook'] = object_hook</pre>
<pre class="line after"><span class="ws">    </span>if object_pairs_hook is not None:</pre></div>
</div>

<li><div class="frame" id="frame-140170537821136">
  <h4>File <cite class="filename">"/usr/local/lib/python3.8/json/decoder.py"</cite>,
      line <em class="line">337</em>,
      in <code class="function">decode</code></h4>
  <div class="source library"><pre class="line before"><span class="ws">    </span>def decode(self, s, _w=WHITESPACE.match):</pre>
<pre class="line before"><span class="ws">        </span>&quot;&quot;&quot;Return the Python representation of ``s`` (a ``str`` instance</pre>
<pre class="line before"><span class="ws">        </span>containing a JSON document).</pre>
<pre class="line before"><span class="ws"></span> </pre>
<pre class="line before"><span class="ws">        </span>&quot;&quot;&quot;</pre>
<pre class="line current"><span class="ws">        </span>obj, end = self.raw_decode(s, idx=_w(s, 0).end())</pre>
<pre class="line after"><span class="ws">        </span>end = _w(s, end).end()</pre>
<pre class="line after"><span class="ws">        </span>if end != len(s):</pre>
<pre class="line after"><span class="ws">            </span>raise JSONDecodeError(&quot;Extra data&quot;, s, end)</pre>
<pre class="line after"><span class="ws">        </span>return obj</pre>
<pre class="line after"><span class="ws"></span> </pre></div>
</div>

<li><div class="frame" id="frame-140170537820416">
  <h4>File <cite class="filename">"/usr/local/lib/python3.8/json/decoder.py"</cite>,
      line <em class="line">355</em>,
      in <code class="function">raw_decode</code></h4>
  <div class="source library"><pre class="line before"><span class="ws"></span> </pre>
<pre class="line before"><span class="ws">        </span>&quot;&quot;&quot;</pre>
<pre class="line before"><span class="ws">        </span>try:</pre>
<pre class="line before"><span class="ws">            </span>obj, end = self.scan_once(s, idx)</pre>
<pre class="line before"><span class="ws">        </span>except StopIteration as err:</pre>
<pre class="line current"><span class="ws">            </span>raise JSONDecodeError(&quot;Expecting value&quot;, s, err.value) from None</pre>
<pre class="line after"><span class="ws">        </span>return obj, end</pre></div>
</div>
</ul>
  <blockquote>json.decoder.JSONDecodeError: Expecting value: line 1 column 1 (char 0)</blockquote>
</div>

<div class="plain">
  <form action="/?__debugger__=yes&amp;cmd=paste" method="post">
    <p>
      <input type="hidden" name="language" value="pytb">
      This is the Copy/Paste friendly version of the traceback.  <span
      class="pastemessage">You can also paste this traceback into
      a <a href="https://gist.github.com/">gist</a>:
      <input type="submit" value="create paste"></span>
    </p>
    <textarea cols="50" rows="10" name="code" readonly>Traceback (most recent call last):
  File &quot;/usr/local/lib/python3.8/json/decoder.py&quot;, line 353, in raw_decode
    obj, end = self.scan_once(s, idx)
StopIteration: 0

During handling of the above exception, another exception occurred:

Traceback (most recent call last):
  File &quot;/opt/venv/lib/python3.8/site-packages/flask/app.py&quot;, line 2464, in __call__
    return self.wsgi_app(environ, start_response)
  File &quot;/opt/venv/lib/python3.8/site-packages/flask/app.py&quot;, line 2450, in wsgi_app
    response = self.handle_exception(e)
  File &quot;/opt/venv/lib/python3.8/site-packages/flask/app.py&quot;, line 1867, in handle_exception
    reraise(exc_type, exc_value, tb)
  File &quot;/opt/venv/lib/python3.8/site-packages/flask/_compat.py&quot;, line 39, in reraise
    raise value
  File &quot;/opt/venv/lib/python3.8/site-packages/flask/app.py&quot;, line 2447, in wsgi_app
    response = self.full_dispatch_request()
  File &quot;/opt/venv/lib/python3.8/site-packages/flask/app.py&quot;, line 1952, in full_dispatch_request
    rv = self.handle_user_exception(e)
  File &quot;/opt/venv/lib/python3.8/site-packages/flask/app.py&quot;, line 1821, in handle_user_exception
    reraise(exc_type, exc_value, tb)
  File &quot;/opt/venv/lib/python3.8/site-packages/flask/_compat.py&quot;, line 39, in reraise
    raise value
  File &quot;/opt/venv/lib/python3.8/site-packages/flask/app.py&quot;, line 1950, in full_dispatch_request
    rv = self.dispatch_request()
  File &quot;/opt/venv/lib/python3.8/site-packages/flask/app.py&quot;, line 1936, in dispatch_request
    return self.view_functions[rule.endpoint](**req.view_args)
  File &quot;/src/app.py&quot;, line 37, in login
    return oauth.service.authorize_redirect(redirect_uri)
  File &quot;/opt/venv/lib/python3.8/site-packages/authlib/integrations/flask_client/remote_app.py&quot;, line 58, in authorize_redirect
    rv = self.create_authorization_url(redirect_uri, **kwargs)
  File &quot;/opt/venv/lib/python3.8/site-packages/authlib/integrations/base_client/remote_app.py&quot;, line 56, in create_authorization_url
    metadata = self.load_server_metadata()
  File &quot;/opt/venv/lib/python3.8/site-packages/authlib/integrations/base_client/remote_app.py&quot;, line 20, in load_server_metadata
    metadata = self._fetch_server_metadata(self._server_metadata_url)
  File &quot;/opt/venv/lib/python3.8/site-packages/authlib/integrations/base_client/base_app.py&quot;, line 242, in _fetch_server_metadata
    return resp.json()
  File &quot;/opt/venv/lib/python3.8/site-packages/requests/models.py&quot;, line 898, in json
    return complexjson.loads(self.text, **kwargs)
  File &quot;/usr/local/lib/python3.8/json/__init__.py&quot;, line 357, in loads
    return _default_decoder.decode(s)
  File &quot;/usr/local/lib/python3.8/json/decoder.py&quot;, line 337, in decode
    obj, end = self.raw_decode(s, idx=_w(s, 0).end())
  File &quot;/usr/local/lib/python3.8/json/decoder.py&quot;, line 355, in raw_decode
    raise JSONDecodeError(&quot;Expecting value&quot;, s, err.value) from None
json.decoder.JSONDecodeError: Expecting value: line 1 column 1 (char 0)</textarea>
  </form>
</div>
<div class="explanation">
  The debugger caught an exception in your WSGI application.  You can now
  look at the traceback which led to the error.  <span class="nojavascript">
  If you enable JavaScript you can also use additional features such as code
  execution (if the evalex feature is enabled), automatic pasting of the
  exceptions and much more.</span>
</div>
      <div class="footer">
        Brought to you by <strong class="arthur">DON'T PANIC</strong>, your
        friendly Werkzeug powered traceback interpreter.
      </div>
    </div>

    <div class="pin-prompt">
      <div class="inner">
        <h3>Console Locked</h3>
        <p>
          The console is locked and needs to be unlocked by entering the PIN.
          You can find the PIN printed out on the standard output of your
          shell that runs the server.
        <form>
          <p>PIN:
            <input type=text name=pin size=14>
            <input type=submit name=btn value="Confirm Pin">
        </form>
      </div>
    </div>
  </body>
</html>

<!--

Traceback (most recent call last):
  File "/usr/local/lib/python3.8/json/decoder.py", line 353, in raw_decode
    obj, end = self.scan_once(s, idx)
StopIteration: 0

During handling of the above exception, another exception occurred:

Traceback (most recent call last):
  File "/opt/venv/lib/python3.8/site-packages/flask/app.py", line 2464, in __call__
    return self.wsgi_app(environ, start_response)
  File "/opt/venv/lib/python3.8/site-packages/flask/app.py", line 2450, in wsgi_app
    response = self.handle_exception(e)
  File "/opt/venv/lib/python3.8/site-packages/flask/app.py", line 1867, in handle_exception
    reraise(exc_type, exc_value, tb)
  File "/opt/venv/lib/python3.8/site-packages/flask/_compat.py", line 39, in reraise
    raise value
  File "/opt/venv/lib/python3.8/site-packages/flask/app.py", line 2447, in wsgi_app
    response = self.full_dispatch_request()
  File "/opt/venv/lib/python3.8/site-packages/flask/app.py", line 1952, in full_dispatch_request
    rv = self.handle_user_exception(e)
  File "/opt/venv/lib/python3.8/site-packages/flask/app.py", line 1821, in handle_user_exception
    reraise(exc_type, exc_value, tb)
  File "/opt/venv/lib/python3.8/site-packages/flask/_compat.py", line 39, in reraise
    raise value
  File "/opt/venv/lib/python3.8/site-packages/flask/app.py", line 1950, in full_dispatch_request
    rv = self.dispatch_request()
  File "/opt/venv/lib/python3.8/site-packages/flask/app.py", line 1936, in dispatch_request
    return self.view_functions[rule.endpoint](**req.view_args)
  File "/src/app.py", line 37, in login
    return oauth.service.authorize_redirect(redirect_uri)
  File "/opt/venv/lib/python3.8/site-packages/authlib/integrations/flask_client/remote_app.py", line 58, in authorize_redirect
    rv = self.create_authorization_url(redirect_uri, **kwargs)
  File "/opt/venv/lib/python3.8/site-packages/authlib/integrations/base_client/remote_app.py", line 56, in create_authorization_url
    metadata = self.load_server_metadata()
  File "/opt/venv/lib/python3.8/site-packages/authlib/integrations/base_client/remote_app.py", line 20, in load_server_metadata
    metadata = self._fetch_server_metadata(self._server_metadata_url)
  File "/opt/venv/lib/python3.8/site-packages/authlib/integrations/base_client/base_app.py", line 242, in _fetch_server_metadata
    return resp.json()
  File "/opt/venv/lib/python3.8/site-packages/requests/models.py", line 898, in json
    return complexjson.loads(self.text, **kwargs)
  File "/usr/local/lib/python3.8/json/__init__.py", line 357, in loads
    return _default_decoder.decode(s)
  File "/usr/local/lib/python3.8/json/decoder.py", line 337, in decode
    obj, end = self.raw_decode(s, idx=_w(s, 0).end())
  File "/usr/local/lib/python3.8/json/decoder.py", line 355, in raw_decode
    raise JSONDecodeError("Expecting value", s, err.value) from None
json.decoder.JSONDecodeError: Expecting value: line 1 column 1 (char 0)

-->
M/?dØ*      _5Jc_5JcAþG       .    ~1597327933,:http://foreign_oidc_rp:3000/login necko:classified 1 strongly-framed 0 request-method POST response-head HTTP/1.0 500 INTERNAL SERVER ERROR
Content-Type: text/html; charset=utf-8
X-XSS-Protection: 0
Server: Werkzeug/1.0.1 Python/3.8.5
Date: Thu, 13 Aug 2020 14:12:51 GMT
 original-response-headers Content-Type: text/html; charset=utf-8
X-XSS-Protection: 0
Connection: close
Server: Werkzeug/1.0.1 Python/3.8.5
Date: Thu, 13 Aug 2020 14:12:51 GMT
 ctid 1 uncompressed-len 0 net-response-time-onstart 35 net-response-time-onstop 41   …0